TN:
SF:D:\Rashmi\my_practice\assignments\git_repositories_react_redux_with_unit_tests\src\action\action.js
FN:6,displayGitRepo
FN:7,(anonymous_2)
FN:8,(anonymous_3)
FN:11,(anonymous_4)
FN:29,(anonymous_5)
FN:37,succFun
FN:46,succFunNoUser
FN:55,errFun
FNF:8
FNH:6
FNDA:3,displayGitRepo
FNDA:2,(anonymous_2)
FNDA:2,(anonymous_3)
FNDA:2,(anonymous_4)
FNDA:0,(anonymous_5)
FNDA:1,succFun
FNDA:1,succFunNoUser
FNDA:0,errFun
DA:0,1
DA:1,1
DA:2,3
DA:3,2
DA:4,2
DA:5,2
DA:6,2
DA:7,2
DA:8,2
DA:9,2
DA:10,2
DA:11,2
DA:12,1
DA:13,10
DA:15,1
DA:16,1
DA:17,1
DA:20,0
DA:21,0
DA:24,2
DA:25,0
DA:27,2
DA:32,1
DA:39,1
DA:46,1
LF:25
LH:22
BRDA:12,1,0,2
BRDA:12,1,1,0
BRDA:16,2,0,1
BRDA:16,2,1,1
BRDA:21,3,0,1
BRDA:21,3,1,0
BRF:6
BRH:4
end_of_record
TN:
SF:D:\Rashmi\my_practice\assignments\git_repositories_react_redux_with_unit_tests\src\component\gitRepoComponent.js
FN:7,(anonymous_1)
FN:7,defineProperties
FN:7,(anonymous_3)
FN:23,_interopRequireDefault
FN:25,_classCallCheck
FN:27,_possibleConstructorReturn
FN:29,_inherits
FN:31,(anonymous_8)
FN:34,GitRepoComponent
FN:52,getGitRepo
FN:57,getGitUserName
FN:64,disableButton
FN:77,componentWillReceiveProps
FN:84,render
FN:88,(anonymous_15)
FN:140,mapStateToProps
FN:148,matchDispatchToProps
FNF:17
FNH:13
FNDA:1,(anonymous_1)
FNDA:1,defineProperties
FNDA:1,(anonymous_3)
FNDA:2,_interopRequireDefault
FNDA:0,_classCallCheck
FNDA:0,_possibleConstructorReturn
FNDA:1,_inherits
FNDA:1,(anonymous_8)
FNDA:0,GitRepoComponent
FNDA:0,getGitRepo
FNDA:0,getGitUserName
FNDA:0,disableButton
FNDA:0,componentWillReceiveProps
FNDA:0,render
FNDA:0,(anonymous_15)
FNDA:0,mapStateToProps
FNDA:0,matchDispatchToProps
DA:0,5
DA:1,1
DA:2,1
DA:3,1
DA:4,1
DA:5,1
DA:8,1
DA:10,0
DA:15,0
DA:16,0
DA:17,0
DA:21,0
DA:25,0
DA:31,0
DA:32,0
DA:36,0
DA:43,0
DA:49,0
DA:50,0
DA:51,0
DA:52,0
DA:53,0
DA:55,0
DA:56,0
DA:57,0
DA:58,0
DA:61,0
DA:75,1
DA:76,0
DA:83,1
DA:84,0
LF:31
LH:9
BRDA:7,1,0,5
BRDA:7,1,1,5
BRDA:7,2,0,5
BRDA:7,2,1,0
BRDA:7,3,0,1
BRDA:7,3,1,0
BRDA:7,4,0,0
BRDA:7,4,1,1
BRDA:23,5,0,1
BRDA:23,5,1,1
BRDA:23,6,0,2
BRDA:23,6,1,2
BRDA:25,7,0,0
BRDA:25,7,1,0
BRDA:27,8,0,0
BRDA:27,8,1,0
BRDA:27,9,0,0
BRDA:27,9,1,0
BRDA:27,10,0,0
BRDA:27,10,1,0
BRDA:27,10,2,0
BRDA:29,11,0,0
BRDA:29,11,1,1
BRDA:29,12,0,1
BRDA:29,12,1,0
BRDA:29,13,0,1
BRDA:29,13,1,1
BRDA:29,14,0,1
BRDA:29,14,1,0
BRDA:29,15,0,1
BRDA:29,15,1,0
BRDA:37,16,0,0
BRDA:37,16,1,0
BRDA:65,17,0,0
BRDA:65,17,1,0
BRDA:86,18,0,0
BRDA:86,18,1,0
BRDA:95,19,0,0
BRDA:95,19,1,0
BRDA:101,20,0,0
BRDA:101,20,1,0
BRF:41
BRH:31
end_of_record
TN:
SF:D:\Rashmi\my_practice\assignments\git_repositories_react_redux_with_unit_tests\src\reducer\reducer.js
FN:9,reducer
FNF:1
FNH:1
FNDA:3,reducer
DA:0,1
DA:1,1
DA:2,1
DA:4,3
DA:5,3
DA:6,1
DA:11,1
DA:16,1
DA:21,0
LF:9
LH:8
BRDA:10,1,0,3
BRDA:10,1,1,0
BRDA:10,2,0,3
BRDA:10,2,1,3
BRDA:13,3,0,1
BRDA:13,3,1,1
BRDA:13,3,2,1
BRDA:13,3,3,0
BRF:8
BRH:6
end_of_record
